Summary of SPARK analysis
=========================

---------------------------------------------------------------------------------------------------------
SPARK Analysis results        Total        Flow   Interval   CodePeer      Provers   Justified   Unproved
---------------------------------------------------------------------------------------------------------
Data Dependencies                 .           .          .          .            .           .          .
Flow Dependencies                 .           .          .          .            .           .          .
Initialization                   12          12          .          .            .           .          .
Non-Aliasing                      .           .          .          .            .           .          .
Run-time Checks                  26           .          .          .    21 (CVC4)           .          5
Assertions                        2           .          .          .     2 (CVC4)           .          .
Functional Contracts              2           .          .          .     2 (CVC4)           .          .
LSP Verification                  .           .          .          .            .           .          .
---------------------------------------------------------------------------------------------------------
Total                            42    12 (29%)          .          .     25 (60%)           .    5 (12%)


Analyzed 1 unit
in unit playwitharrays, 4 subprograms and packages out of 4 analyzed
  playWithArrays at playwitharrays.ads:1 flow analyzed (0 errors, 0 checks and 0 warnings) and proved (0 checks)
  playWithArrays.play at playwitharrays.ads:4 flow analyzed (0 errors, 0 checks and 0 warnings) and proved (14 checks)
  playWithArrays.playArrayResultInverse at playwitharrays.ads:21 flow analyzed (0 errors, 0 checks and 0 warnings) and not proved, 10 checks out of 15 proved
  playWithArrays.playInverse at playwitharrays.ads:13 flow analyzed (0 errors, 0 checks and 0 warnings) and proved (1 checks)
